<?xml version="1.0" encoding="UTF-8"?>
<!-- Generated by org.testng.reporters.JUnitXMLReporter -->
<testsuite ignored="0" hostname="metalok" failures="0" tests="8" name="Test" time="1435.348" errors="0" timestamp="2023-05-09T12:47:12 IST">
  <testcase classname="com.SportsVerse.TCs.TC_004_FanTokensTest" name="fantokenstest" time="194.428"/>
  <testcase classname="com.SportsVerse.TCs.TC_006_SupportPageTest" name="supportTest" time="162.984"/>
  <testcase classname="com.SportsVerse.TCs.TC_007_CareerPageTest" name="careertest" time="174.096"/>
  <testcase classname="com.SportsVerse.TCs.TC_005_AboutUsTest" name="aboutUsTest" time="156.3"/>
  <testcase classname="com.SportsVerse.TCs.TC_002_LearnPageTest" name="learntest" time="186.318"/>
  <testcase classname="com.SportsVerse.TCs.TC_008_RoadMapPageTest" name="roadMapTest" time="119.841"/>
  <testcase classname="com.SportsVerse.TCs.TC_001_HomepageTest" name="homepagetest" time="194.74"/>
  <testcase classname="com.SportsVerse.TCs.TC_003_SportsVerse101Test" name="sportverse101test" time="246.592"/>
</testsuite> <!-- Test -->
