<?xml version="1.0" encoding="UTF-8"?>
<testng-results ignored="0" total="1" passed="1" failed="0" skipped="0">
  <reporter-output>
  </reporter-output>
  <suite started-at="2023-05-01T15:58:10 IST" name="Default suite" finished-at="2023-05-01T16:00:04 IST" duration-ms="114581">
    <groups>
    </groups>
    <test started-at="2023-05-01T15:58:10 IST" name="Default test" finished-at="2023-05-01T16:00:04 IST" duration-ms="114581">
      <class name="com.SportsVerse.TCs.TC_009_RoadMapPageTest">
        <test-method signature="roadMapTest()[pri:0, instance:com.SportsVerse.TCs.TC_009_RoadMapPageTest@49912c99]" started-at="2023-05-01T15:58:10 IST" name="roadMapTest" finished-at="2023-05-01T16:00:04 IST" duration-ms="114547" status="PASS">
          <reporter-output>
          </reporter-output>
        </test-method> <!-- roadMapTest -->
      </class> <!-- com.SportsVerse.TCs.TC_009_RoadMapPageTest -->
    </test> <!-- Default test -->
  </suite> <!-- Default suite -->
</testng-results>
